<?xml version="1.0" encoding="UTF-8"?>
<coverage generated="1590478813577" clover="3.2.0">
  <project timestamp="1590478813577" name="All files">
    <metrics statements="45" coveredstatements="42" conditionals="18" coveredconditionals="13" methods="14" coveredmethods="13" elements="77" coveredelements="68" complexity="0" loc="45" ncloc="45" packages="1" files="2" classes="2"/>
    <file name="constants.ts" path="/Users/lbilde/Documents/work/angular-fire/hairdresser-rules/tests/helpers/constants.ts">
      <metrics statements="21" coveredstatements="19" conditionals="11" coveredconditionals="9" methods="6" coveredmethods="5"/>
      <line num="1" count="1" type="stmt"/>
      <line num="3" count="1" type="cond" truecount="2" falsecount="0"/>
      <line num="4" count="1" type="stmt"/>
      <line num="5" count="1" type="stmt"/>
      <line num="6" count="1" type="stmt"/>
      <line num="7" count="1" type="stmt"/>
      <line num="10" count="1" type="cond" truecount="1" falsecount="0"/>
      <line num="11" count="6" type="stmt"/>
      <line num="14" count="1" type="cond" truecount="0" falsecount="1"/>
      <line num="15" count="0" type="stmt"/>
      <line num="18" count="1" type="stmt"/>
      <line num="19" count="6" type="stmt"/>
      <line num="22" count="1" type="stmt"/>
      <line num="29" count="2" type="stmt"/>
      <line num="31" count="2" type="cond" truecount="2" falsecount="0"/>
      <line num="32" count="1" type="stmt"/>
      <line num="35" count="2" type="cond" truecount="1" falsecount="1"/>
      <line num="36" count="0" type="stmt"/>
      <line num="39" count="2" type="stmt"/>
      <line num="42" count="1" type="stmt"/>
      <line num="43" count="1" type="stmt"/>
    </file>
    <file name="firestore-helpers.ts" path="/Users/lbilde/Documents/work/angular-fire/hairdresser-rules/tests/helpers/firestore-helpers.ts">
      <metrics statements="24" coveredstatements="23" conditionals="7" coveredconditionals="4" methods="8" coveredmethods="8"/>
      <line num="1" count="1" type="stmt"/>
      <line num="4" count="1" type="stmt"/>
      <line num="7" count="20" type="stmt"/>
      <line num="10" count="1" type="stmt"/>
      <line num="11" count="13" type="stmt"/>
      <line num="15" count="13" type="stmt"/>
      <line num="18" count="1" type="stmt"/>
      <line num="19" count="6" type="stmt"/>
      <line num="24" count="6" type="stmt"/>
      <line num="27" count="1" type="stmt"/>
      <line num="28" count="1" type="stmt"/>
      <line num="32" count="1" type="stmt"/>
      <line num="35" count="1" type="stmt"/>
      <line num="39" count="6" type="stmt"/>
      <line num="41" count="6" type="cond" truecount="3" falsecount="1"/>
      <line num="42" count="0" type="stmt"/>
      <line num="44" count="6" type="stmt"/>
      <line num="45" count="6" type="stmt"/>
      <line num="47" count="6" type="stmt"/>
      <line num="48" count="6" type="stmt"/>
      <line num="50" count="6" type="stmt"/>
      <line num="51" count="6" type="stmt"/>
      <line num="54" count="1" type="stmt"/>
      <line num="55" count="20" type="stmt"/>
    </file>
  </project>
</coverage>
