{"/Users/lbilde/Documents/work/angular-fire/hairdresser-rules/tests/helpers/constants.ts": {"path":"/Users/lbilde/Documents/work/angular-fire/hairdresser-rules/tests/helpers/constants.ts","statementMap":{"0":{"start":{"line":1,"column":23},"end":{"line":1,"column":38}},"1":{"start":{"line":3,"column":0},"end":{"line":3,"column":null}},"2":{"start":{"line":4,"column":2},"end":{"line":4,"column":null}},"3":{"start":{"line":5,"column":2},"end":{"line":5,"column":null}},"4":{"start":{"line":6,"column":2},"end":{"line":6,"column":null}},"5":{"start":{"line":7,"column":2},"end":{"line":7,"column":null}},"6":{"start":{"line":11,"column":2},"end":{"line":11,"column":44}},"7":{"start":{"line":10,"column":0},"end":{"line":10,"column":16}},"8":{"start":{"line":15,"column":2},"end":{"line":15,"column":52}},"9":{"start":{"line":14,"column":0},"end":{"line":14,"column":16}},"10":{"start":{"line":19,"column":2},"end":{"line":19,"column":25}},"11":{"start":{"line":18,"column":0},"end":{"line":18,"column":16}},"12":{"start":{"line":29,"column":11},"end":{"line":29,"column":19}},"13":{"start":{"line":31,"column":2},"end":{"line":33,"column":null}},"14":{"start":{"line":32,"column":4},"end":{"line":32,"column":28}},"15":{"start":{"line":35,"column":2},"end":{"line":37,"column":null}},"16":{"start":{"line":36,"column":4},"end":{"line":36,"column":23}},"17":{"start":{"line":39,"column":2},"end":{"line":39,"column":12}},"18":{"start":{"line":22,"column":0},"end":{"line":22,"column":16}},"19":{"start":{"line":43,"column":2},"end":{"line":43,"column":41}},"20":{"start":{"line":42,"column":0},"end":{"line":42,"column":16}}},"fnMap":{"0":{"name":"(anonymous_0)","decl":{"start":{"line":3,"column":0},"end":{"line":3,"column":12}},"loc":{"start":{"line":3,"column":23},"end":{"line":8,"column":1}}},"1":{"name":"generateMockDocument","decl":{"start":{"line":10,"column":16},"end":{"line":10,"column":36}},"loc":{"start":{"line":10,"column":54},"end":{"line":12,"column":1}}},"2":{"name":"generateMockUpdateDocument","decl":{"start":{"line":14,"column":16},"end":{"line":14,"column":42}},"loc":{"start":{"line":14,"column":60},"end":{"line":16,"column":1}}},"3":{"name":"documentPath","decl":{"start":{"line":18,"column":16},"end":{"line":18,"column":28}},"loc":{"start":{"line":18,"column":47},"end":{"line":20,"column":1}}},"4":{"name":"generateId","decl":{"start":{"line":22,"column":16},"end":{"line":22,"column":26}},"loc":{"start":{"line":28,"column":6},"end":{"line":40,"column":1}}},"5":{"name":"generateUserId","decl":{"start":{"line":42,"column":16},"end":{"line":42,"column":30}},"loc":{"start":{"line":42,"column":30},"end":{"line":44,"column":1}}}},"branchMap":{"0":{"loc":{"start":{"line":3,"column":12},"end":{"line":3,"column":23}},"type":"binary-expr","locations":[{"start":{"line":3,"column":12},"end":{"line":3,"column":23}},{"start":{"line":3,"column":12},"end":{"line":3,"column":null}}]},"1":{"loc":{"start":{"line":10,"column":52},"end":{"line":10,"column":54}},"type":"default-arg","locations":[{"start":{"line":10,"column":52},"end":{"line":10,"column":54}}]},"2":{"loc":{"start":{"line":14,"column":58},"end":{"line":14,"column":60}},"type":"default-arg","locations":[{"start":{"line":14,"column":58},"end":{"line":14,"column":60}}]},"3":{"loc":{"start":{"line":28,"column":4},"end":{"line":28,"column":6}},"type":"default-arg","locations":[{"start":{"line":28,"column":4},"end":{"line":28,"column":6}}]},"4":{"loc":{"start":{"line":23,"column":38},"end":{"line":23,"column":40}},"type":"default-arg","locations":[{"start":{"line":23,"column":38},"end":{"line":23,"column":40}}]},"5":{"loc":{"start":{"line":24,"column":39},"end":{"line":24,"column":41}},"type":"default-arg","locations":[{"start":{"line":24,"column":39},"end":{"line":24,"column":41}}]},"6":{"loc":{"start":{"line":31,"column":2},"end":{"line":33,"column":null}},"type":"if","locations":[{"start":{"line":31,"column":2},"end":{"line":33,"column":null}},{"start":{"line":31,"column":2},"end":{"line":33,"column":null}}]},"7":{"loc":{"start":{"line":35,"column":2},"end":{"line":37,"column":null}},"type":"if","locations":[{"start":{"line":35,"column":2},"end":{"line":37,"column":null}},{"start":{"line":35,"column":2},"end":{"line":37,"column":null}}]}},"s":{"0":1,"1":1,"2":1,"3":1,"4":1,"5":1,"6":6,"7":1,"8":0,"9":1,"10":6,"11":1,"12":2,"13":2,"14":1,"15":2,"16":0,"17":2,"18":1,"19":1,"20":1},"f":{"0":1,"1":6,"2":0,"3":6,"4":2,"5":1},"b":{"0":[1,1],"1":[6],"2":[0],"3":[1],"4":[2],"5":[1],"6":[1,1],"7":[0,2]}}
,"/Users/lbilde/Documents/work/angular-fire/hairdresser-rules/tests/helpers/firestore-helpers.ts": {"path":"/Users/lbilde/Documents/work/angular-fire/hairdresser-rules/tests/helpers/firestore-helpers.ts","statementMap":{"0":{"start":{"line":1,"column":0},"end":{"line":1,"column":46}},"1":{"start":{"line":4,"column":22},"end":{"line":4,"column":56}},"2":{"start":{"line":7,"column":2},"end":{"line":7,"column":28}},"3":{"start":{"line":11,"column":19},"end":{"line":13,"column":4}},"4":{"start":{"line":15,"column":2},"end":{"line":15,"column":52}},"5":{"start":{"line":10,"column":0},"end":{"line":10,"column":16}},"6":{"start":{"line":19,"column":14},"end":{"line":22,"column":4}},"7":{"start":{"line":24,"column":2},"end":{"line":24,"column":47}},"8":{"start":{"line":18,"column":0},"end":{"line":18,"column":16}},"9":{"start":{"line":28,"column":14},"end":{"line":30,"column":4}},"10":{"start":{"line":32,"column":2},"end":{"line":32,"column":47}},"11":{"start":{"line":27,"column":0},"end":{"line":27,"column":16}},"12":{"start":{"line":39,"column":13},"end":{"line":39,"column":34}},"13":{"start":{"line":41,"column":2},"end":{"line":43,"column":null}},"14":{"start":{"line":42,"column":4},"end":{"line":42,"column":14}},"15":{"start":{"line":44,"column":18},"end":{"line":44,"column":31}},"16":{"start":{"line":45,"column":16},"end":{"line":45,"column":31}},"17":{"start":{"line":47,"column":2},"end":{"line":49,"column":5}},"18":{"start":{"line":48,"column":4},"end":{"line":48,"column":45}},"19":{"start":{"line":50,"column":2},"end":{"line":50,"column":23}},"20":{"start":{"line":51,"column":2},"end":{"line":51,"column":12}},"21":{"start":{"line":35,"column":0},"end":{"line":35,"column":7}},"22":{"start":{"line":55,"column":2},"end":{"line":55,"column":63}},"23":{"start":{"line":55,"column":48},"end":{"line":55,"column":60}},"24":{"start":{"line":54,"column":0},"end":{"line":54,"column":7}}},"fnMap":{"0":{"name":"getProjectId","decl":{"start":{"line":6,"column":9},"end":{"line":6,"column":21}},"loc":{"start":{"line":6,"column":21},"end":{"line":8,"column":1}}},"1":{"name":"getAdminApp","decl":{"start":{"line":10,"column":16},"end":{"line":10,"column":27}},"loc":{"start":{"line":10,"column":27},"end":{"line":16,"column":1}}},"2":{"name":"getAuthedApp","decl":{"start":{"line":18,"column":16},"end":{"line":18,"column":28}},"loc":{"start":{"line":18,"column":45},"end":{"line":25,"column":1}}},"3":{"name":"getAppNoAuth","decl":{"start":{"line":27,"column":16},"end":{"line":27,"column":28}},"loc":{"start":{"line":27,"column":28},"end":{"line":33,"column":1}}},"4":{"name":"setup","decl":{"start":{"line":35,"column":22},"end":{"line":35,"column":27}},"loc":{"start":{"line":37,"column":16},"end":{"line":52,"column":1}}},"5":{"name":"(anonymous_5)","decl":{"start":{"line":47,"column":31},"end":{"line":47,"column":32}},"loc":{"start":{"line":47,"column":48},"end":{"line":49,"column":3}}},"6":{"name":"teardown","decl":{"start":{"line":54,"column":22},"end":{"line":54,"column":30}},"loc":{"start":{"line":54,"column":30},"end":{"line":56,"column":1}}},"7":{"name":"(anonymous_7)","decl":{"start":{"line":55,"column":41},"end":{"line":55,"column":44}},"loc":{"start":{"line":55,"column":48},"end":{"line":55,"column":60}}}},"branchMap":{"0":{"loc":{"start":{"line":20,"column":20},"end":{"line":20,"column":36}},"type":"cond-expr","locations":[{"start":{"line":20,"column":20},"end":{"line":20,"column":36}},{"start":{"line":20,"column":39},"end":{"line":20,"column":48}}]},"1":{"loc":{"start":{"line":37,"column":14},"end":{"line":37,"column":16}},"type":"default-arg","locations":[{"start":{"line":37,"column":14},"end":{"line":37,"column":16}}]},"2":{"loc":{"start":{"line":41,"column":2},"end":{"line":43,"column":null}},"type":"if","locations":[{"start":{"line":41,"column":2},"end":{"line":43,"column":null}},{"start":{"line":41,"column":2},"end":{"line":43,"column":null}}]},"3":{"loc":{"start":{"line":41,"column":6},"end":{"line":41,"column":11}},"type":"binary-expr","locations":[{"start":{"line":41,"column":6},"end":{"line":41,"column":11}},{"start":{"line":41,"column":15},"end":{"line":41,"column":40}}]}},"s":{"0":1,"1":1,"2":20,"3":13,"4":13,"5":1,"6":6,"7":6,"8":1,"9":1,"10":1,"11":1,"12":6,"13":6,"14":0,"15":6,"16":6,"17":6,"18":6,"19":6,"20":6,"21":1,"22":6,"23":20,"24":1},"f":{"0":20,"1":13,"2":6,"3":1,"4":6,"5":6,"6":6,"7":20},"b":{"0":[6,0],"1":[0],"2":[0,6],"3":[6,6]}}
}
