TN:
SF:tests/helpers/constants.ts
FN:3,(anonymous_0)
FN:10,generateMockDocument
FN:14,generateMockUpdateDocument
FN:18,documentPath
FN:22,generateId
FN:42,generateUserId
FNF:6
FNH:5
FNDA:1,(anonymous_0)
FNDA:6,generateMockDocument
FNDA:0,generateMockUpdateDocument
FNDA:6,documentPath
FNDA:2,generateId
FNDA:1,generateUserId
DA:1,1
DA:3,1
DA:4,1
DA:5,1
DA:6,1
DA:7,1
DA:10,1
DA:11,6
DA:14,1
DA:15,0
DA:18,1
DA:19,6
DA:22,1
DA:29,2
DA:31,2
DA:32,1
DA:35,2
DA:36,0
DA:39,2
DA:42,1
DA:43,1
LF:21
LH:19
BRDA:3,0,0,1
BRDA:3,0,1,1
BRDA:10,1,0,6
BRDA:14,2,0,0
BRDA:28,3,0,1
BRDA:23,4,0,2
BRDA:24,5,0,1
BRDA:31,6,0,1
BRDA:31,6,1,1
BRDA:35,7,0,0
BRDA:35,7,1,2
BRF:11
BRH:9
end_of_record
TN:
SF:tests/helpers/firestore-helpers.ts
FN:6,getProjectId
FN:10,getAdminApp
FN:18,getAuthedApp
FN:27,getAppNoAuth
FN:35,setup
FN:47,(anonymous_5)
FN:54,teardown
FN:55,(anonymous_7)
FNF:8
FNH:8
FNDA:20,getProjectId
FNDA:13,getAdminApp
FNDA:6,getAuthedApp
FNDA:1,getAppNoAuth
FNDA:6,setup
FNDA:6,(anonymous_5)
FNDA:6,teardown
FNDA:20,(anonymous_7)
DA:1,1
DA:4,1
DA:7,20
DA:10,1
DA:11,13
DA:15,13
DA:18,1
DA:19,6
DA:24,6
DA:27,1
DA:28,1
DA:32,1
DA:35,1
DA:39,6
DA:41,6
DA:42,0
DA:44,6
DA:45,6
DA:47,6
DA:48,6
DA:50,6
DA:51,6
DA:54,1
DA:55,20
LF:24
LH:23
BRDA:20,0,0,6
BRDA:20,0,1,0
BRDA:37,1,0,0
BRDA:41,2,0,0
BRDA:41,2,1,6
BRDA:41,3,0,6
BRDA:41,3,1,6
BRF:7
BRH:4
end_of_record
